<?xml version="1.0" encoding="UTF-8" ?>
<testsuite errors="0" failures="0" hostname="LAPTOP-J356P5R4" name="test.jeu.joueur.JoueurHumainTest" skipped="0" tests="12" time="0.088" timestamp="2020-06-22T11:36:40">
  <properties>
    <property name="java.vendor" value="Oracle Corporation" />
    <property name="sun.java.launcher" value="SUN_STANDARD" />
    <property name="sun.management.compiler" value="HotSpot 64-Bit Tiered Compilers" />
    <property name="os.name" value="Windows 10" />
    <property name="sun.boot.class.path" value="C:\Program Files\Java\jdk1.8.0_60\jre\lib\resources.jar;C:\Program Files\Java\jdk1.8.0_60\jre\lib\rt.jar;C:\Program Files\Java\jdk1.8.0_60\jre\lib\sunrsasign.jar;C:\Program Files\Java\jdk1.8.0_60\jre\lib\jsse.jar;C:\Program Files\Java\jdk1.8.0_60\jre\lib\jce.jar;C:\Program Files\Java\jdk1.8.0_60\jre\lib\charsets.jar;C:\Program Files\Java\jdk1.8.0_60\jre\lib\jfr.jar;C:\Program Files\Java\jdk1.8.0_60\jre\classes" />
    <property name="JUNIT_HOME" value="C:\Users\quent\Documents\devoir\DUT INFO1\INFO\Prog\M2107\Zen_l_initie_LE-LAN_B2\lib" />
    <property name="report" value="C:\Users\quent\Documents\devoir\DUT INFO1\INFO\Prog\M2107\Zen_l_initie_LE-LAN_B2\reportTest" />
    <property name="sun.desktop" value="windows" />
    <property name="java.vm.specification.vendor" value="Oracle Corporation" />
    <property name="ant.home" value="C:\Program Files\Java\apache-ant-1.9.14" />
    <property name="java.runtime.version" value="1.8.0_60-b27" />
    <property name="user.name" value="quent" />
    <property name="data" value="C:\Users\quent\Documents\devoir\DUT INFO1\INFO\Prog\M2107\Zen_l_initie_LE-LAN_B2\data" />
    <property name="user.language" value="fr" />
    <property name="sun.boot.library.path" value="C:\Program Files\Java\jdk1.8.0_60\jre\bin" />
    <property name="ant.project.default-target" value="compil" />
    <property name="ant.project.name" value="Zen l&apos;initie" />
    <property name="java.version" value="1.8.0_60" />
    <property name="user.timezone" value="" />
    <property name="sun.arch.data.model" value="64" />
    <property name="java.endorsed.dirs" value="C:\Program Files\Java\jdk1.8.0_60\jre\lib\endorsed" />
    <property name="jar" value="C:\Users\quent\Documents\devoir\DUT INFO1\INFO\Prog\M2107\Zen_l_initie_LE-LAN_B2\dossierJar" />
    <property name="sun.cpu.isalist" value="amd64" />
    <property name="sun.jnu.encoding" value="Cp1252" />
    <property name="file.encoding.pkg" value="sun.io" />
    <property name="file.separator" value="\" />
    <property name="java.specification.name" value="Java Platform API Specification" />
    <property name="java.class.version" value="52.0" />
    <property name="src" value="C:\Users\quent\Documents\devoir\DUT INFO1\INFO\Prog\M2107\Zen_l_initie_LE-LAN_B2\src" />
    <property name="user.country" value="FR" />
    <property name="java.home" value="C:\Program Files\Java\jdk1.8.0_60\jre" />
    <property name="java.vm.info" value="mixed mode" />
    <property name="ant.file" value="C:\Users\quent\Documents\devoir\DUT INFO1\INFO\Prog\M2107\Zen_l_initie_LE-LAN_B2\ws\build.xml" />
    <property name="os.version" value="10.0" />
    <property name="path.separator" value=";" />
    <property name="java.vm.version" value="25.60-b23" />
    <property name="user.variant" value="" />
    <property name="ant.library.dir" value="C:\Program Files\Java\apache-ant-1.9.14\lib" />
    <property name="java.awt.printerjob" value="sun.awt.windows.WPrinterJob" />
    <property name="sun.io.unicode.encoding" value="UnicodeLittle" />
    <property name="awt.toolkit" value="sun.awt.windows.WToolkit" />
    <property name="sun.stdout.encoding" value="cp850" />
    <property name="user.script" value="" />
    <property name="user.home" value="C:\Users\quent" />
    <property name="java.specification.vendor" value="Oracle Corporation" />
    <property name="java.library.path" value="C:\Program Files\Java\jdk1.8.0_60\jre\bin;C:\WINDOWS\Sun\Java\bin;C:\WINDOWS\system32;C:\WINDOWS;C:\Program Files (x86)\Common Files\Oracle\Java\javapath;C:\app\quent\product\18.0.0\dbhomeXE\bin;C:\ProgramData\Oracle\Java\javapath;C:\WINDOWS\system32;C:\WINDOWS;C:\WINDOWS\System32\Wbem;C:\WINDOWS\System32\WindowsPowerShell\v1.0\;C:\WINDOWS\System32\OpenSSH\;C:\Program Files\Java\jdk1.8.0_60\bin;C:\Program Files\Java\apache-ant-1.9.14\bin;C:\Users\quent\AppData\Local\Microsoft\WindowsApps;C:\Users\quent\AppData\Local\atom\bin;%USERPROFILE%\AppData\Local\Microsoft\WindowsApps;;." />
    <property name="java.vendor.url" value="http://java.oracle.com/" />
    <property name="ant.file.Zen l&apos;initie" value="C:\Users\quent\Documents\devoir\DUT INFO1\INFO\Prog\M2107\Zen_l_initie_LE-LAN_B2\ws\build.xml" />
    <property name="java.vm.vendor" value="Oracle Corporation" />
    <property name="java.runtime.name" value="Java(TM) SE Runtime Environment" />
    <property name="ant.file.type.Zen l&apos;initie" value="file" />
    <property name="sun.java.command" value="org.apache.tools.ant.taskdefs.optional.junit.JUnitTestRunner test.jeu.joueur.JoueurHumainTest skipNonTests=false filtertrace=true haltOnError=true haltOnFailure=false formatter=org.apache.tools.ant.taskdefs.optional.junit.SummaryJUnitResultFormatter showoutput=false outputtoformatters=true logfailedtests=true threadid=0 logtestlistenerevents=false formatter=org.apache.tools.ant.taskdefs.optional.junit.XMLJUnitResultFormatter,C:\Users\quent\Documents\devoir\DUT INFO1\INFO\Prog\M2107\Zen_l_initie_LE-LAN_B2\reportTest\TEST-test.jeu.joueur.JoueurHumainTest.xml formatter=org.apache.tools.ant.taskdefs.optional.junit.PlainJUnitResultFormatter,C:\Users\quent\Documents\devoir\DUT INFO1\INFO\Prog\M2107\Zen_l_initie_LE-LAN_B2\reportTest\TEST-test.jeu.joueur.JoueurHumainTest.txt crashfile=C:\Users\quent\Documents\devoir\DUT INFO1\INFO\Prog\M2107\Zen_l_initie_LE-LAN_B2\ws\junitvmwatcher2213089292244995953.properties propsfile=C:\Users\quent\Documents\devoir\DUT INFO1\INFO\Prog\M2107\Zen_l_initie_LE-LAN_B2\ws\junit6804488557205923141.properties" />
    <property name="java.class.path" value="C:\Users\quent\Documents\devoir\DUT INFO1\INFO\Prog\M2107\Zen_l_initie_LE-LAN_B2\class;C:\Program Files\Java\JUnit\junit-4.12.jar;C:\Program Files\Java\JUnit\hamcrest-core-1.3.jar;C:\Program Files\Java\apache-ant-1.9.14\lib\ant-launcher.jar;C:\Program Files\Java\apache-ant-1.9.14\lib\ant.jar;C:\Program Files\Java\apache-ant-1.9.14\lib\ant-junit.jar;C:\Program Files\Java\apache-ant-1.9.14\lib\ant-junit4.jar" />
    <property name="ant.version" value="Apache Ant(TM) version 1.9.14 compiled on March 12 2019" />
    <property name="java.vm.specification.name" value="Java Virtual Machine Specification" />
    <property name="ant.file.type" value="file" />
    <property name="java.vm.specification.version" value="1.8" />
    <property name="sun.cpu.endian" value="little" />
    <property name="sun.os.patch.level" value="" />
    <property name="java.io.tmpdir" value="C:\Users\quent\AppData\Local\Temp\" />
    <property name="java.vendor.url.bug" value="http://bugreport.sun.com/bugreport/" />
    <property name="os.arch" value="amd64" />
    <property name="java.awt.graphicsenv" value="sun.awt.Win32GraphicsEnvironment" />
    <property name="javadoc" value="C:\Users\quent\Documents\devoir\DUT INFO1\INFO\Prog\M2107\Zen_l_initie_LE-LAN_B2\javadoc" />
    <property name="java.ext.dirs" value="C:\Program Files\Java\jdk1.8.0_60\jre\lib\ext;C:\WINDOWS\Sun\Java\lib\ext" />
    <property name="user.dir" value="C:\Users\quent\Documents\devoir\DUT INFO1\INFO\Prog\M2107\Zen_l_initie_LE-LAN_B2\ws" />
    <property name="line.separator" value="&#xd;&#xa;" />
    <property name="class" value="C:\Users\quent\Documents\devoir\DUT INFO1\INFO\Prog\M2107\Zen_l_initie_LE-LAN_B2\class" />
    <property name="java.vm.name" value="Java HotSpot(TM) 64-Bit Server VM" />
    <property name="basedir" value="C:\Users\quent\Documents\devoir\DUT INFO1\INFO\Prog\M2107\Zen_l_initie_LE-LAN_B2\ws" />
    <property name="ant.java.version" value="1.8" />
    <property name="ant.core.lib" value="C:\Program Files\Java\apache-ant-1.9.14\lib\ant.jar" />
    <property name="file.encoding" value="Cp1252" />
    <property name="sun.stderr.encoding" value="cp850" />
    <property name="java.specification.version" value="1.8" />
    <property name="ant.project.invoked-targets" value="report" />
  </properties>
  <testcase classname="test.jeu.joueur.JoueurHumainTest" name="testAppartient" time="0.002" />
  <testcase classname="test.jeu.joueur.JoueurHumainTest" name="testSetListWithNull" time="0.001" />
  <testcase classname="test.jeu.joueur.JoueurHumainTest" name="testAppartientWithNull" time="0.0" />
  <testcase classname="test.jeu.joueur.JoueurHumainTest" name="testEstValideNotRightNBCase" time="0.003" />
  <testcase classname="test.jeu.joueur.JoueurHumainTest" name="testEstValidePionZenNotConnect" time="0.0" />
  <testcase classname="test.jeu.joueur.JoueurHumainTest" name="testEstValideCorrect" time="0.0" />
  <testcase classname="test.jeu.joueur.JoueurHumainTest" name="testSetListSizeUpperThan12" time="0.0" />
  <testcase classname="test.jeu.joueur.JoueurHumainTest" name="testGetNom" time="0.0" />
  <testcase classname="test.jeu.joueur.JoueurHumainTest" name="testJoueurWithNull" time="0.0" />
  <testcase classname="test.jeu.joueur.JoueurHumainTest" name="testSetListNormalCase" time="0.0" />
  <testcase classname="test.jeu.joueur.JoueurHumainTest" name="testSetListSizeUnderThan12" time="0.0" />
  <testcase classname="test.jeu.joueur.JoueurHumainTest" name="testEstValideNotStraightLine" time="0.001" />
  <system-out><![CDATA[pas le bon nombre de case
pas le bon nombre de case
pas le bon nombre de case
pas le bon nombre de case
pas le bon nombre de case
pas le bon nombre de case
pas le bon nombre de case
pas le bon nombre de case
pas le bon nombre de case
il n'y pas assez de case
Ce n'est pas une ligne droite
Ce n'est pas une ligne droite
il n'y a pas de pions
Ce n'est pas une ligne droite
]]></system-out>
  <system-err><![CDATA[]]></system-err>
</testsuite>
